<?xml version="1.0" encoding="UTF-8"?>
<!-- Generated by org.testng.reporters.JUnitReportReporter -->
<testsuite hostname="lannt-w7" name="com.vsii.tsc.OpenERP.testcase.CreateNewProject" tests="1" failures="0" timestamp="23 Mar 2016 11:20:37 GMT" time="16.403" errors="0">
  <testcase name="PM06" time="16.403" classname="com.vsii.tsc.OpenERP.testcase.CreateNewProject"/>
</testsuite> <!-- com.vsii.tsc.OpenERP.testcase.CreateNewProject -->
