<?xml version="1.0" encoding="UTF-8"?>
<!-- Generated by org.testng.reporters.JUnitReportReporter -->
<testsuite hostname="Yen-PC" name="com.vsii.tsc.OpenERP.testcase.CreateNewProject" tests="1" failures="0" timestamp="21 Mar 2016 18:42:52 GMT" time="5.085" errors="1">
  <testcase name="CN01" time="5.085" classname="com.vsii.tsc.OpenERP.testcase.CreateNewProject">
    <error type="org.testng.TestNGException" message="
The data provider is trying to pass 1 parameters but the method com.vsii.tsc.OpenERP.testcase.CreateNewProject#CN01 takes 10 and TestNG is unable in inject a suitable object">
      <![CDATA[org.testng.TestNGException: 
The data provider is trying to pass 1 parameters but the method com.vsii.tsc.OpenERP.testcase.CreateNewProject#CN01 takes 10 and TestNG is unable in inject a suitable object
	at org.testng.internal.Invoker.injectParameters(Invoker.java:1253)
	at org.testng.internal.Invoker.invokeTestMethods(Invoker.java:1122)
	at org.testng.internal.TestMethodWorker.invokeTestMethods(TestMethodWorker.java:129)
	at org.testng.internal.TestMethodWorker.run(TestMethodWorker.java:112)
	at org.testng.TestRunner.privateRun(TestRunner.java:782)
	at org.testng.TestRunner.run(TestRunner.java:632)
	at org.testng.SuiteRunner.runTest(SuiteRunner.java:366)
	at org.testng.SuiteRunner.runSequentially(SuiteRunner.java:361)
	at org.testng.SuiteRunner.privateRun(SuiteRunner.java:319)
	at org.testng.SuiteRunner.run(SuiteRunner.java:268)
	at org.testng.SuiteRunnerWorker.runSuite(SuiteRunnerWorker.java:52)
	at org.testng.SuiteRunnerWorker.run(SuiteRunnerWorker.java:86)
	at org.testng.TestNG.runSuitesSequentially(TestNG.java:1244)
	at org.testng.TestNG.runSuitesLocally(TestNG.java:1169)
	at org.testng.TestNG.run(TestNG.java:1064)
	at org.testng.remote.RemoteTestNG.run(RemoteTestNG.java:113)
	at org.testng.remote.RemoteTestNG.initAndRun(RemoteTestNG.java:206)
	at org.testng.remote.RemoteTestNG.main(RemoteTestNG.java:177)
Caused by: java.lang.ArrayIndexOutOfBoundsException: 1
	at org.testng.internal.Invoker.injectParameters(Invoker.java:1249)
	... 17 more
]]>
    </error>
  </testcase> <!-- CN01 -->
</testsuite> <!-- com.vsii.tsc.OpenERP.testcase.CreateNewProject -->
