<?xml version="1.0" encoding="UTF-8"?>
<!-- Generated by org.testng.reporters.JUnitReportReporter -->
<testsuite hostname="Yen-PC" name="com.vsii.tsc.OpenERP.testcase.Login" tests="1" failures="0" timestamp="21 Mar 2016 19:32:54 GMT" time="1.719" errors="0">
  <testcase name="testLogin" time="1.719" classname="com.vsii.tsc.OpenERP.testcase.Login"/>
</testsuite> <!-- com.vsii.tsc.OpenERP.testcase.Login -->
