<?xml version="1.0" encoding="UTF-8"?>
<!-- Generated by org.testng.reporters.JUnitReportReporter -->
<testsuite hostname="lannt-w7" name="com.vsii.tsc.OpenERP.testcase.CreateNewProject" tests="1" failures="0" timestamp="24 Mar 2016 06:29:25 GMT" time="13.676" errors="0">
  <testcase name="PM06" time="13.676" classname="com.vsii.tsc.OpenERP.testcase.CreateNewProject"/>
</testsuite> <!-- com.vsii.tsc.OpenERP.testcase.CreateNewProject -->
